"C:/Users/Adrien/Documents/GitHub/JeanPaul/Content/Materials/PostProcessMaterials/CelShading.uasset" 0
"C:/Users/Adrien/Documents/GitHub/JeanPaul/Content/CelShading.uasset" 1
"C:/Users/Adrien/Documents/GitHub/JeanPaul/Content/Materials/M_HittingTK.uasset" 2
"C:/Users/Adrien/Documents/GitHub/JeanPaul/Content/M_HittingTK.uasset" 3
"../../../Engine/Content/Functions/Engine_MaterialFunctions02/Math/AddComponents.uasset" 4
"C:/Users/Adrien/Documents/GitHub/JeanPaul/Content/Materials/PostProcessMaterials/M_Outline.uasset" 5
"C:/Users/Adrien/Documents/GitHub/JeanPaul/Content/M_Outline.uasset" 6
"../../../Engine/Content/Functions/Engine_MaterialFunctions01/Texturing/BitMask.uasset" 7
"../../../Engine/Content/Functions/Engine_MaterialFunctions01/ImageAdjustment/BlurSampleOffsets.uasset" 8
"../../../Engine/Content/Functions/Engine_MaterialFunctions01/Gradient/LinearGradient.uasset" 9
"C:/Users/Adrien/Documents/GitHub/JeanPaul/Content/Materials/M_SelectedOutline.uasset" 10
"C:/Users/Adrien/Documents/GitHub/JeanPaul/Content/M_SelectedOutline.uasset" 11
"../../../Engine/Content/VREditor/Sounds/VR_teleport.uasset" 12
"C:/Users/Adrien/Documents/GitHub/JeanPaul/Content/SFXs/TKHits/CardboardBox_Hit_6_6.uasset" 13
"C:/Users/Adrien/Documents/GitHub/JeanPaul/Content/SFXs/TKHits/CardboardBox_Hit_6_5.uasset" 14
"C:/Users/Adrien/Documents/GitHub/JeanPaul/Content/SFXs/TKHits/CardboardBox_Hit_6_4.uasset" 15
"C:/Users/Adrien/Documents/GitHub/JeanPaul/Content/SFXs/TKHits/CardboardBox_Hit_6_3.uasset" 16
"C:/Users/Adrien/Documents/GitHub/JeanPaul/Content/SFXs/TKHits/CardboardBox_Hit_6_2.uasset" 17
"C:/Users/Adrien/Documents/GitHub/JeanPaul/Content/SFXs/TKHits/CardboardBox_Hit_6_1.uasset" 18
"C:/Users/Adrien/Documents/GitHub/JeanPaul/Content/SFXs/TKHits/CardboardBox_Hit_5_6.uasset" 19
"C:/Users/Adrien/Documents/GitHub/JeanPaul/Content/SFXs/TKHits/CardboardBox_Hit_5_5.uasset" 20
"C:/Users/Adrien/Documents/GitHub/JeanPaul/Content/SFXs/TKHits/CardboardBox_Hit_5_4.uasset" 21
"C:/Users/Adrien/Documents/GitHub/JeanPaul/Content/SFXs/TKHits/CardboardBox_Hit_5_3.uasset" 22
"C:/Users/Adrien/Documents/GitHub/JeanPaul/Content/SFXs/TKHits/CardboardBox_Hit_5_2.uasset" 23
"C:/Users/Adrien/Documents/GitHub/JeanPaul/Content/SFXs/TKHits/CardboardBox_Hit_5_1.uasset" 24
"C:/Users/Adrien/Documents/GitHub/JeanPaul/Content/SFXs/TKHits/CardboardBox_Hit_4_6.uasset" 25
"C:/Users/Adrien/Documents/GitHub/JeanPaul/Content/SFXs/TKHits/CardboardBox_Hit_4_5.uasset" 26
"C:/Users/Adrien/Documents/GitHub/JeanPaul/Content/SFXs/TKHits/CardboardBox_Hit_4_4.uasset" 27
"C:/Users/Adrien/Documents/GitHub/JeanPaul/Content/SFXs/TKHits/CardboardBox_Hit_4_3.uasset" 28
"C:/Users/Adrien/Documents/GitHub/JeanPaul/Content/SFXs/TKHits/CardboardBox_Hit_4_2.uasset" 29
"C:/Users/Adrien/Documents/GitHub/JeanPaul/Content/SFXs/TKHits/CardboardBox_Hit_4_1.uasset" 30
"C:/Users/Adrien/Documents/GitHub/JeanPaul/Content/SFXs/TKHits/CardboardBox_Hit_3_6.uasset" 31
"C:/Users/Adrien/Documents/GitHub/JeanPaul/Content/SFXs/TKHits/CardboardBox_Hit_3_5.uasset" 32
"C:/Users/Adrien/Documents/GitHub/JeanPaul/Content/SFXs/TKHits/CardboardBox_Hit_3_4.uasset" 33
"C:/Users/Adrien/Documents/GitHub/JeanPaul/Content/SFXs/TKHits/CardboardBox_Hit_3_3.uasset" 34
"C:/Users/Adrien/Documents/GitHub/JeanPaul/Content/SFXs/TKHits/CardboardBox_Hit_3_2.uasset" 35
"C:/Users/Adrien/Documents/GitHub/JeanPaul/Content/SFXs/TKHits/CardboardBox_Hit_3_1.uasset" 36
"C:/Users/Adrien/Documents/GitHub/JeanPaul/Content/SFXs/TKHits/CardboardBox_Hit_2_6.uasset" 37
"C:/Users/Adrien/Documents/GitHub/JeanPaul/Content/SFXs/TKHits/CardboardBox_Hit_2_5.uasset" 38
"C:/Users/Adrien/Documents/GitHub/JeanPaul/Content/SFXs/TKHits/CardboardBox_Hit_2_4.uasset" 39
"C:/Users/Adrien/Documents/GitHub/JeanPaul/Content/SFXs/TKHits/CardboardBox_Hit_2_3.uasset" 40
"C:/Users/Adrien/Documents/GitHub/JeanPaul/Content/SFXs/TKHits/CardboardBox_Hit_2_2.uasset" 41
"C:/Users/Adrien/Documents/GitHub/JeanPaul/Content/SFXs/TKHits/CardboardBox_Hit_2_1.uasset" 42
"C:/Users/Adrien/Documents/GitHub/JeanPaul/Content/SFXs/TKHits/CardboardBox_Hit_1_6.uasset" 43
"C:/Users/Adrien/Documents/GitHub/JeanPaul/Content/SFXs/TKHits/CardboardBox_Hit_1_5.uasset" 44
"C:/Users/Adrien/Documents/GitHub/JeanPaul/Content/SFXs/TKHits/CardboardBox_Hit_1_4.uasset" 45
"C:/Users/Adrien/Documents/GitHub/JeanPaul/Content/SFXs/TKHits/CardboardBox_Hit_1_3.uasset" 46
"C:/Users/Adrien/Documents/GitHub/JeanPaul/Content/SFXs/TKHits/CardboardBox_Hit_1_2.uasset" 47
"C:/Users/Adrien/Documents/GitHub/JeanPaul/Content/SFXs/TKHits/CardboardBox_Hit_1_1.uasset" 48
"C:/Users/Adrien/Documents/GitHub/JeanPaul/Content/SFXs/TKHits/TK_Hit.uasset" 49
"../../../Engine/Content/EditorBlueprintResources/StandardMacros.uasset" 50
"C:/Users/Adrien/Documents/GitHub/JeanPaul/Content/SFXs/TargetHover.uasset" 51
"C:/Users/Adrien/Documents/GitHub/JeanPaul/Content/SFXs/TargetHover_Cue.uasset" 52
"C:/Users/Adrien/Documents/GitHub/JeanPaul/Content/SFXs/SoulShiftBack.uasset" 53
"C:/Users/Adrien/Documents/GitHub/JeanPaul/Content/SFXs/Push.uasset" 54
"C:/Users/Adrien/Documents/GitHub/JeanPaul/Content/SFXs/Push_Cue.uasset" 55
"C:/Users/Adrien/Documents/GitHub/JeanPaul/Content/SFXs/PadDark.uasset" 56
"C:/Users/Adrien/Documents/GitHub/JeanPaul/Content/SFXs/LoopSpirit2.uasset" 57
"C:/Users/Adrien/Documents/GitHub/JeanPaul/Content/SFXs/LoopSpirit.uasset" 58
"C:/Users/Adrien/Documents/GitHub/JeanPaul/Content/SFXs/LoopSpirit_Cue.uasset" 59
"C:/Users/Adrien/Documents/GitHub/JeanPaul/Content/SFXs/Grab.uasset" 60
"C:/Users/Adrien/Documents/GitHub/JeanPaul/Content/UI/rotation.uasset" 61
"C:/Users/Adrien/Documents/GitHub/JeanPaul/Content/UI/right-click-of-the-mouse.uasset" 62
"C:/Users/Adrien/Documents/GitHub/JeanPaul/Content/UI/PushIcon.uasset" 63
"C:/Users/Adrien/Documents/GitHub/JeanPaul/Content/UI/PullIcon.uasset" 64
"C:/Users/Adrien/Documents/GitHub/JeanPaul/Content/UI/mouse-left-button.uasset" 65
"C:/Users/Adrien/Documents/GitHub/JeanPaul/Content/UI/DropIcon.uasset" 66
"C:/Users/Adrien/Documents/GitHub/JeanPaul/Content/UI/CrossHair.uasset" 67
"C:/Users/Adrien/Documents/GitHub/JeanPaul/Content/UI/76831-200.uasset" 68
"C:/Users/Adrien/Documents/GitHub/JeanPaul/Content/UI/SoulUI.uasset" 69
"C:/Users/Adrien/Documents/GitHub/JeanPaul/Content/Materials/BoxMat.uasset" 70
"C:/Users/Adrien/Documents/GitHub/JeanPaul/Content/Materials/BoxMat_Inst.uasset" 71
"C:/Users/Adrien/Documents/GitHub/JeanPaul/Content/Materials/CantSelect.uasset" 72
"../../../Engine/Content/EngineMaterials/T_Default_Material_Grid_N.uasset" 73
"../../../Engine/Content/EngineMaterials/T_Default_Material_Grid_M.uasset" 74
"../../../Engine/Content/Functions/Engine_MaterialFunctions01/Opacity/CameraDepthFade.uasset" 75
"../../../Engine/Content/EngineMaterials/DefaultMaterial.uasset" 76
"../../../Engine/Content/BasicShapes/Sphere.uasset" 77
"../../../Engine/Content/BasicShapes/BasicShapeMaterial.uasset" 78
"C:/Users/Adrien/Documents/GitHub/JeanPaul/Content/FirstPersonBP/Blueprints/Player_Controller_BP.uasset" 79
"C:/Users/Adrien/Documents/GitHub/JeanPaul/Content/Soul/Soul_BP.uasset" 80
"C:/Users/Adrien/Documents/GitHub/JeanPaul/Content/Geometry/Meshes/CubeMaterial.uasset" 81
"C:/Users/Adrien/Documents/GitHub/JeanPaul/Content/Geometry/Meshes/1M_Cube.uasset" 82
"C:/Users/Adrien/Documents/GitHub/JeanPaul/Content/TK/PhysicActorMaster.uasset" 83
"C:/Users/Adrien/Documents/GitHub/JeanPaul/Content/Body/Boy01_diffuse.uasset" 84
"C:/Users/Adrien/Documents/GitHub/JeanPaul/Content/Body/Boy01_normal.uasset" 85
"C:/Users/Adrien/Documents/GitHub/JeanPaul/Content/Body/Boy01_spec.uasset" 86
"C:/Users/Adrien/Documents/GitHub/JeanPaul/Content/Body/Boy01_Body_MAT.uasset" 87
"C:/Users/Adrien/Documents/GitHub/JeanPaul/Content/Body/Boy01_FacialAnimMap_ncl1_2.uasset" 88
"C:/Users/Adrien/Documents/GitHub/JeanPaul/Content/Body/Boy01_Brows_MAT1.uasset" 89
"C:/Users/Adrien/Documents/GitHub/JeanPaul/Content/Body/Boy01_FacialAnimMap_ncl1_1.uasset" 90
"C:/Users/Adrien/Documents/GitHub/JeanPaul/Content/Body/Boy01_Eyes_MAT1.uasset" 91
"C:/Users/Adrien/Documents/GitHub/JeanPaul/Content/Body/Boy01_FacialAnimMap.uasset" 92
"C:/Users/Adrien/Documents/GitHub/JeanPaul/Content/Body/Boy01_Mouth_MAT1.uasset" 93
"C:/Users/Adrien/Documents/GitHub/JeanPaul/Content/Body/Sad_Idle_PhysicsAsset.uasset" 94
"C:/Users/Adrien/Documents/GitHub/JeanPaul/Content/Body/Sad_Idle_Skeleton.uasset" 95
"C:/Users/Adrien/Documents/GitHub/JeanPaul/Content/Body/Sad_Idle.uasset" 96
"../../../Engine/Content/Animation/DefaultAnimBoneCompressionSettings.uasset" 97
"../../../Engine/Content/Animation/DefaultAnimCurveCompressionSettings.uasset" 98
"C:/Users/Adrien/Documents/GitHub/JeanPaul/Content/Body/Sad_Idle__1_.uasset" 99
"C:/Users/Adrien/Documents/GitHub/JeanPaul/Content/FirstPerson/Character/Mesh/SK_Mannequin_Arms_Skeleton.uasset" 100
"../../../Engine/Content/Functions/Engine_MaterialFunctions02/Utility/BlendAngleCorrectedNormals.uasset" 101
"../../../Engine/Content/Functions/MaterialLayerFunctions/MatLayerBlend_NormalBlend.uasset" 102
"../../../Engine/Content/Functions/MaterialLayerFunctions/MatLayerBlend_Simple.uasset" 103
"C:/Users/Adrien/Documents/GitHub/JeanPaul/Content/FirstPerson/Character/Materials/MaterialLayers/T_ML_Rubber_Blue_01_D.uasset" 104
"C:/Users/Adrien/Documents/GitHub/JeanPaul/Content/FirstPerson/Character/Materials/MaterialLayers/T_ML_Rubber_Blue_01_N.uasset" 105
"C:/Users/Adrien/Documents/GitHub/JeanPaul/Content/FirstPerson/Character/Materials/MaterialLayers/ML_GlossyBlack_Latex_UE4.uasset" 106
"C:/Users/Adrien/Documents/GitHub/JeanPaul/Content/FirstPerson/Character/Materials/MaterialLayers/ML_Plastic_Shiny_Beige.uasset" 107
"C:/Users/Adrien/Documents/GitHub/JeanPaul/Content/FirstPerson/Character/Textures/UE4_LOGO_CARD.uasset" 108
"C:/Users/Adrien/Documents/GitHub/JeanPaul/Content/FirstPerson/Character/Materials/MaterialLayers/ML_Plastic_Shiny_Beige_LOGO.uasset" 109
"C:/Users/Adrien/Documents/GitHub/JeanPaul/Content/FirstPerson/Character/Materials/MaterialLayers/T_ML_Aluminum01.uasset" 110
"C:/Users/Adrien/Documents/GitHub/JeanPaul/Content/FirstPerson/Character/Materials/MaterialLayers/T_ML_Aluminum01_N.uasset" 111
"C:/Users/Adrien/Documents/GitHub/JeanPaul/Content/FirstPerson/Character/Materials/MaterialLayers/ML_SoftMetal_UE4.uasset" 112
"C:/Users/Adrien/Documents/GitHub/JeanPaul/Content/FirstPerson/Character/Textures/UE4_Mannequin__normals.uasset" 113
"C:/Users/Adrien/Documents/GitHub/JeanPaul/Content/FirstPerson/Character/Textures/UE4_Mannequin_MAT_MASKA.uasset" 114
"C:/Users/Adrien/Documents/GitHub/JeanPaul/Content/FirstPerson/Character/Materials/M_UE4Man_Body.uasset" 115
"C:/Users/Adrien/Documents/GitHub/JeanPaul/Content/FirstPerson/Character/Mesh/SK_Mannequin_Arms_PhysicsAsset.uasset" 116
"C:/Users/Adrien/Documents/GitHub/JeanPaul/Content/FirstPerson/Character/Mesh/SK_Mannequin_Arms.uasset" 117
"../../../Engine/Content/Functions/Engine_MaterialFunctions01/Texturing/FlattenNormal.uasset" 118
"C:/Users/Adrien/Documents/GitHub/JeanPaul/Content/Materials/Cable/360_F_314338130_OuLC7lwAosInLOC3ruKesK7mhi72H3vW.uasset" 119
"C:/Users/Adrien/Documents/GitHub/JeanPaul/Content/Materials/Cable/florent-desailly-scalealpha1.uasset" 120
"C:/Users/Adrien/Documents/GitHub/JeanPaul/Content/Materials/Cable/CableMat.uasset" 121
"C:/Users/Adrien/Documents/GitHub/JeanPaul/Content/Materials/Cable/CableMat_Inst.uasset" 122
"C:/Users/Adrien/Documents/GitHub/JeanPaul/Content/SFXs/SoulShift.uasset" 123
"C:/Users/Adrien/Documents/GitHub/JeanPaul/Content/UI/MidnightMinutes-RpKRl.uasset" 124
"C:/Users/Adrien/Documents/GitHub/JeanPaul/Content/UI/GameRealFont.uasset" 125
"C:/Users/Adrien/Documents/GitHub/JeanPaul/Content/UI/PauseWidget.uasset" 126
"C:/Users/Adrien/Documents/GitHub/JeanPaul/Content/FirstPersonBP/Blueprints/FirstPersonCharacter.uasset" 127
"C:/Users/Adrien/Documents/GitHub/JeanPaul/Content/FirstPerson/Animations/FirstPerson_Idle.uasset" 128
"C:/Users/Adrien/Documents/GitHub/JeanPaul/Content/FirstPerson/Animations/FirstPerson_JumpEnd.uasset" 129
"C:/Users/Adrien/Documents/GitHub/JeanPaul/Content/FirstPerson/Animations/FirstPerson_JumpLoop.uasset" 130
"C:/Users/Adrien/Documents/GitHub/JeanPaul/Content/FirstPerson/Animations/FirstPerson_JumpStart.uasset" 131
"C:/Users/Adrien/Documents/GitHub/JeanPaul/Content/FirstPerson/Animations/FirstPerson_Run.uasset" 132
"C:/Users/Adrien/Documents/GitHub/JeanPaul/Content/SFXs/MyAmbientSoundClass.uasset" 133
"C:/Users/Adrien/Documents/GitHub/JeanPaul/Content/SFXs/MyMaster.uasset" 134
"C:/Users/Adrien/Documents/GitHub/JeanPaul/Content/SFXs/MyFootSteps.uasset" 135
"C:/Users/Adrien/Documents/GitHub/JeanPaul/Content/SFXs/Atterissage4.uasset" 136
"C:/Users/Adrien/Documents/GitHub/JeanPaul/Content/SFXs/Atterissage3.uasset" 137
"C:/Users/Adrien/Documents/GitHub/JeanPaul/Content/SFXs/Atterissage2.uasset" 138
"C:/Users/Adrien/Documents/GitHub/JeanPaul/Content/SFXs/Atterissage.uasset" 139
"C:/Users/Adrien/Documents/GitHub/JeanPaul/Content/SFXs/Atterissage_Cue.uasset" 140
"C:/Users/Adrien/Documents/GitHub/JeanPaul/Content/SFXs/FootSteps/MarbleStep5.uasset" 141
"C:/Users/Adrien/Documents/GitHub/JeanPaul/Content/SFXs/FootSteps/MarbleStep4.uasset" 142
"C:/Users/Adrien/Documents/GitHub/JeanPaul/Content/SFXs/FootSteps/MarbleStep2.uasset" 143
"C:/Users/Adrien/Documents/GitHub/JeanPaul/Content/SFXs/FootSteps/MarbleStep1.uasset" 144
"C:/Users/Adrien/Documents/GitHub/JeanPaul/Content/SFXs/FootSteps/FootSteps_Cue.uasset" 145
"C:/Users/Adrien/Documents/GitHub/JeanPaul/Content/FirstPerson/Animations/FirstPerson_AnimBP.uasset" 146
"C:/Users/Adrien/Documents/GitHub/JeanPaul/Content/FirstPerson/Character/Mesh/FirstPersonAnimBlueprint_Copy.uasset" 147
"C:/Users/Adrien/Documents/GitHub/JeanPaul/Content/FirstPerson/Meshes/BaseMaterial.uasset" 148
"C:/Users/Adrien/Documents/GitHub/JeanPaul/Content/FirstPerson/Meshes/CubeMaterialOverride.uasset" 149
"C:/Users/Adrien/Documents/GitHub/JeanPaul/Content/FirstPersonBP/FirstPersonOverview.uasset" 150
"C:/Users/Adrien/Documents/GitHub/JeanPaul/Content/FirstPerson/Textures/FirstPersonCrosshair.uasset" 151
"C:/Users/Adrien/Documents/GitHub/JeanPaul/Content/FirstPersonBP/Blueprints/FirstPersonHUD.uasset" 152
"C:/Users/Adrien/Documents/GitHub/JeanPaul/Content/FirstPersonBP/Blueprints/FirstPersonGameMode.uasset" 153
"C:/Users/Adrien/Documents/GitHub/JeanPaul/Content/FirstPerson/Meshes/FirstPersonProjectileMaterial.uasset" 154
"C:/Users/Adrien/Documents/GitHub/JeanPaul/Content/FirstPerson/Meshes/FirstPersonProjectileMesh.uasset" 155
"C:/Users/Adrien/Documents/GitHub/JeanPaul/Content/FirstPersonBP/Blueprints/FirstPersonProjectile.uasset" 156
"../../../Engine/Content/BasicShapes/Cylinder.uasset" 157
"C:/Users/Adrien/Documents/GitHub/JeanPaul/Content/SFXs/Button.uasset" 158
"C:/Users/Adrien/Documents/GitHub/JeanPaul/Content/SFXs/Button_Cue.uasset" 159
"C:/Users/Adrien/Documents/GitHub/JeanPaul/Content/General_BP/PressurePlates.uasset" 160
"C:/Users/Adrien/Documents/GitHub/JeanPaul/Content/Mesh/Gate.uasset" 161
"C:/Users/Adrien/Documents/GitHub/JeanPaul/Content/General_BP/Gate_OneButton.uasset" 162
"C:/Users/Adrien/Documents/GitHub/JeanPaul/Content/General_BP/Gate.uasset" 163
"C:/Users/Adrien/Documents/GitHub/JeanPaul/Content/Materials/Walls/Walls.uasset" 164
"C:/Users/Adrien/Documents/GitHub/JeanPaul/Content/Materials/Walls/Level1/Walls_Inst4.uasset" 165
"C:/Users/Adrien/Documents/GitHub/JeanPaul/Content/Materials/Walls/Level1/Walls_Inst3.uasset" 166
"C:/Users/Adrien/Documents/GitHub/JeanPaul/Content/Materials/Walls/Level1/Walls_Inst2.uasset" 167
"C:/Users/Adrien/Documents/GitHub/JeanPaul/Content/Materials/Walls/Level1/Walls_Inst1.uasset" 168
"C:/Users/Adrien/Documents/GitHub/JeanPaul/Content/Materials/Walls/Level1/Walls_Inst.uasset" 169
"C:/Users/Adrien/Documents/GitHub/JeanPaul/Content/Materials/Walls/Level1/Walls_Inst5.uasset" 170
"C:/Users/Adrien/Documents/GitHub/JeanPaul/Content/Meshes/Level1/Wall1.uasset" 171
"C:/Users/Adrien/Documents/GitHub/JeanPaul/Content/Meshes/Wall1.uasset" 172
"C:/Users/Adrien/Documents/GitHub/JeanPaul/Content/Meshes/Level1/Wall2.uasset" 173
"C:/Users/Adrien/Documents/GitHub/JeanPaul/Content/Meshes/Wall2.uasset" 174
"C:/Users/Adrien/Documents/GitHub/JeanPaul/Content/Meshes/Level1/Wall3.uasset" 175
"C:/Users/Adrien/Documents/GitHub/JeanPaul/Content/Meshes/Wall3.uasset" 176
"C:/Users/Adrien/Documents/GitHub/JeanPaul/Content/Meshes/Level1/Wall4.uasset" 177
"C:/Users/Adrien/Documents/GitHub/JeanPaul/Content/Meshes/Wall4.uasset" 178
"../../../Engine/Content/EngineMaterials/WorldGridMaterial.uasset" 179
"../../../Engine/Content/BasicShapes/Cube.uasset" 180
"C:/Users/Adrien/Documents/GitHub/JeanPaul/Content/Soul/Test.uasset" 181
"C:/Users/Adrien/Documents/GitHub/JeanPaul/Content/TK/Rectangle.uasset" 182
"../../../Engine/Content/EngineResources/DefaultTexture.uasset" 183
"../../Plugins/Enterprise/DatasmithContent/Content/Materials/AliasMaster.uasset" 184
"C:/Users/Adrien/Documents/GitHub/JeanPaul/Content/TK/StickyWall.uasset" 185
"C:/Users/Adrien/Documents/GitHub/JeanPaul/Content/TK/StuckCube.uasset" 186
"C:/Users/Adrien/Documents/GitHub/JeanPaul/Content/UI/147367-200.uasset" 187
"../../../Engine/Content/ArtTools/RenderToTexture/Meshes/S_1_Unit_Plane.uasset" 188
"../../../Engine/Content/BasicShapes/Cone.uasset" 189
"../../../Engine/Content/EditorLandscapeResources/DataLayer.uasset" 190
"../../../Engine/Content/EditorLandscapeResources/DefaultAlphaTexture.uasset" 191
"../../../Engine/Content/EditorMaterials/MAT_Groups_Toggle.uasset" 192
"../../../Engine/Content/EditorMaterials/MAT_Groups_Visibility.uasset" 193
"../../../Engine/Content/EditorMaterials/PreviewShadowIndicator.uasset" 194
"../../../Engine/Content/EditorMaterials/PreviewShadowIndicatorMaterial.uasset" 195
"../../../Engine/Content/EditorMaterials/MatineeGroups/MAT_ColorTrack.uasset" 196
"../../../Engine/Content/EditorMaterials/MatineeGroups/MAT_Groups_Anim.uasset" 197
"../../../Engine/Content/EditorMaterials/MatineeGroups/MAT_Groups_AudioMaster.uasset" 198
"../../../Engine/Content/EditorMaterials/MatineeGroups/MAT_Groups_Director.uasset" 199
"../../../Engine/Content/EditorMaterials/MatineeGroups/MAT_Groups_Event.uasset" 200
"../../../Engine/Content/EditorMaterials/MatineeGroups/MAT_Groups_Fade.uasset" 201
"../../../Engine/Content/EditorMaterials/MatineeGroups/MAT_Groups_Float.uasset" 202
"../../../Engine/Content/EditorMaterials/MatineeGroups/MAT_Groups_Move.uasset" 203
"../../../Engine/Content/EditorMaterials/MatineeGroups/MAT_Groups_Slomo.uasset" 204
"../../../Engine/Content/EditorMaterials/MatineeGroups/MAT_Groups_Sound.uasset" 205
"../../../Engine/Content/EditorMaterials/MatineeGroups/MAT_Groups_Vector.uasset" 206
"../../../Engine/Content/EditorMaterials/ParticleSystems/PSysThumbnail_NoImage.uasset" 207
"../../../Engine/Content/EditorMaterials/ParticleSystems/PSysThumbnail_OOD.uasset" 208
"../../../Engine/Content/EditorMaterials/Camera/CineMat.uasset" 209
"../../../Engine/Content/EditorMaterials/Camera/MI_CineMat_Rig.uasset" 210
"../../../Engine/Content/EditorMeshes/Camera/SM_CraneRig_Arm.uasset" 211
"../../../Engine/Content/EditorMeshes/Camera/SM_CraneRig_Base.uasset" 212
"../../../Engine/Content/EditorMeshes/Camera/SM_CraneRig_Body.uasset" 213
"../../../Engine/Content/EditorMeshes/Camera/SM_CraneRig_Mount.uasset" 214
"../../../Engine/Content/EditorMeshes/Camera/SM_RailRig_Mount.uasset" 215
"../../../Engine/Content/EditorMeshes/Camera/SM_RailRig_Track.uasset" 216
"../../../Engine/Content/EditorResources/BSPVertex.uasset" 217
"../../../Engine/Content/EditorResources/EmptyActor.uasset" 218
"../../../Engine/Content/EditorResources/S_Actor.uasset" 219
"../../../Engine/Content/EditorResources/S_Note.uasset" 220
"../../../Engine/Content/EditorResources/S_Solver.uasset" 221
"../../../Engine/Content/EditorResources/S_Terrain.uasset" 222
"../../../Engine/Content/EditorResources/S_Trigger.uasset" 223
"../../../Engine/Content/EditorResources/AudioIcons/S_AudioComponent_AutoActivate.uasset" 224
"../../../Engine/Content/EditorResources/LightIcons/S_LightError.uasset" 225
"../../../Engine/Content/EditorResources/SequenceRecorder/Countdown.uasset" 226
"../../../Engine/Content/EditorResources/SequenceRecorder/RecordingIndicator.uasset" 227
"../../../Engine/Content/EngineDamageTypes/DmgTypeBP_Environmental.uasset" 228
"../../../Engine/Content/EngineDebugMaterials/DebugEditorMaterial.uasset" 229
"../../../Engine/Content/EngineDebugMaterials/DebugMeshMaterial.uasset" 230
"../../../Engine/Content/EngineDebugMaterials/M_SimpleUnlitTranslucent.uasset" 231
"../../../Engine/Content/EngineDebugMaterials/VolumeToRender.uasset" 232
"../../../Engine/Content/Functions/Engine_MaterialFunctions02/Utility/CameraDirectionVector.uasset" 233
"../../../Engine/Content/EngineDebugMaterials/M_VolumeRenderSphereTracePP.uasset" 234
"../../../Engine/Content/Functions/Engine_MaterialFunctions01/Shading/ConvertFromDiffSpec.uasset" 235
"../../../Engine/Content/EngineDebugMaterials/VertexColorMaterial.uasset" 236
"../../../Engine/Content/EngineDebugMaterials/WireframeMaterial.uasset" 237
"../../../Engine/Content/EngineFonts/Faces/RobotoRegular.uasset" 238
"../../../Engine/Content/EngineFonts/Faces/RobotoLight.uasset" 239
"../../../Engine/Content/EngineFonts/Faces/RobotoItalic.uasset" 240
"../../../Engine/Content/EngineFonts/Faces/RobotoBoldItalic.uasset" 241
"../../../Engine/Content/EngineFonts/Faces/RobotoBold.uasset" 242
"../../../Engine/Content/EngineFonts/Faces/DroidSansFallback.uasset" 243
"../../../Engine/Content/EngineFonts/Roboto.uasset" 244
"../../../Engine/Content/EngineMaterials/BaseFlattenNormalMap.uasset" 245
"../../../Engine/Content/EngineMaterials/BaseFlattenGrayscaleMap.uasset" 246
"../../../Engine/Content/EngineMaterials/BaseFlattenEmissiveMap.uasset" 247
"../../../Engine/Content/EngineMaterials/BaseFlattenDiffuseMap.uasset" 248
"../../../Engine/Content/EngineMaterials/BaseFlattenMaterial.uasset" 249
"../../../Engine/Content/EngineMaterials/BlueNoise.uasset" 250
"../../../Engine/Content/EngineMaterials/DefaultBloomKernel.uasset" 251
"../../../Engine/Content/EngineMaterials/DefaultBokeh.uasset" 252
"../../../Engine/Content/EngineMaterials/DefaultDiffuse.uasset" 253
"../../../Engine/Content/EngineMaterials/DefaultDeferredDecalMaterial.uasset" 254
"../../../Engine/Content/EngineMaterials/DefaultLightFunctionMaterial.uasset" 255
"../../../Engine/Content/EngineMaterials/DefaultPhysicalMaterial.uasset" 256
"../../../Engine/Content/Functions/Engine_MaterialFunctions02/Utility/BreakOutFloat2Components.uasset" 257
"../../../Engine/Content/EngineMaterials/DefaultPostProcessMaterial.uasset" 258
"../../../Engine/Content/EngineFonts/RobotoDistanceField.uasset" 259
"../../../Engine/Content/EngineMaterials/DefaultTextMaterialOpaque.uasset" 260
"../../../Engine/Content/EngineMaterials/DefaultWhiteGrid.uasset" 261
"../../../Engine/Content/EngineMaterials/DefaultWhiteGrid_Low.uasset" 262
"../../../Engine/Content/EngineMaterials/EmissiveMeshMaterial.uasset" 263
"../../../Engine/Content/EngineMaterials/GizmoMaterial.uasset" 264
"../../../Engine/Content/EngineMaterials/Good64x64TilingNoiseHighFreq.uasset" 265
"../../../Engine/Content/EngineMaterials/MiniFont.uasset" 266
"../../../Engine/Content/EngineMaterials/InvalidLightmapSettings.uasset" 267
"../../../Engine/Content/EngineMaterials/M_InvalidLightmapSettings.uasset" 268
"../../../Engine/Content/Functions/Engine_MaterialFunctions02/WorldPositionOffset/CameraOffset.uasset" 269
"../../../Engine/Content/EngineMaterials/PhAT_JointLimitMaterial.uasset" 270
"../../../Engine/Content/EngineMaterials/PreintegratedSkinBRDF.uasset" 271
"../../../Engine/Content/EngineMaterials/RemoveSurfaceMaterial.uasset" 272
"../../../Engine/Content/EngineMaterials/WeightMapPlaceholderTexture.uasset" 273
"../../../Engine/Content/EngineResources/WhiteSquareTexture.uasset" 274
"../../../Engine/Content/EngineMaterials/Widget3DPassThrough.uasset" 275
"../../../Engine/Content/EngineMaterials/Widget3DPassThrough_Masked.uasset" 276
"../../../Engine/Content/EngineMaterials/Widget3DPassThrough_Opaque.uasset" 277
"../../../Engine/Content/EngineMaterials/Widget3DPassThrough_Masked_OneSided.uasset" 278
"../../../Engine/Content/EngineMaterials/Widget3DPassThrough_Opaque_OneSided.uasset" 279
"../../../Engine/Content/EngineMaterials/Widget3DPassThrough_Translucent.uasset" 280
"../../../Engine/Content/EngineMaterials/Widget3DPassThrough_Translucent_OneSided.uasset" 281
"../../../Engine/Content/EngineMeshes/Cylinder.uasset" 282
"../../../Engine/Content/EngineMeshes/Sphere.uasset" 283
"../../../Engine/Content/EngineResources/Black.uasset" 284
"../../../Engine/Content/EngineResources/DefaultTextureCube.uasset" 285
"../../../Engine/Content/EngineResources/DefaultVolumeTexture2D.uasset" 286
"../../../Engine/Content/EngineResources/DefaultVolumeTexture.uasset" 287
"../../../Engine/Content/EngineResources/GradientTexture0.uasset" 288
"../../../Engine/Content/EngineSky/VolumetricClouds/T_NoiseShape64.uasset" 289
"../../../Engine/Content/EngineSky/VolumetricClouds/T_VolumeNoiseShape64.uasset" 290
"../../../Engine/Content/EngineSky/VolumetricClouds/T_NoiseErosion.uasset" 291
"../../../Engine/Content/EngineSky/VolumetricClouds/T_VolumeNoiseErosion32.uasset" 292
"../../../Engine/Content/Functions/Engine_MaterialFunctions02/Utility/MakeFloat2.uasset" 293
"../../../Engine/Content/EngineSky/VolumetricClouds/CloudWeatherTexture.uasset" 294
"../../../Engine/Content/EngineSky/VolumetricClouds/CloudGradientTexture.uasset" 295
"../../../Engine/Content/EngineSky/VolumetricClouds/m_SimpleVolumetricCloud.uasset" 296
"../../../Engine/Content/EngineSky/VolumetricClouds/m_SimpleVolumetricCloud_Inst.uasset" 297
"../../../Engine/Content/EngineSounds/Master.uasset" 298
"../../../Engine/Content/Functions/Engine_MaterialFunctions01/Shading/PowerToRoughness.uasset" 299
"../../../Engine/Content/Maps/Templates/Thumbnails/Default.uasset" 300
"../../../Engine/Content/Maps/Templates/Thumbnails/TimeOfDay.uasset" 301
"../../../Engine/Content/Maps/Templates/Thumbnails/VR-Basic.uasset" 302
"../../../Engine/Content/MobileResources/T_MobileControls_texture.uasset" 303
"../../../Engine/Content/MobileResources/T_MobileMenu2.uasset" 304
"../../../Engine/Content/MobileResources/HUD/AnalogHat.uasset" 305
"../../../Engine/Content/MobileResources/HUD/VirtualJoystick_Thumb.uasset" 306
"../../../Engine/Content/MobileResources/HUD/VirtualJoystick_Background.uasset" 307
"../../../Engine/Content/MobileResources/HUD/DefaultVirtualJoysticks.uasset" 308
"../../../Engine/Content/MobileResources/HUD/LeftVirtualJoystickOnly.uasset" 309
"../../../Engine/Content/MobileResources/HUD/MobileHUDButton1_off.uasset" 310
"../../../Engine/Content/MobileResources/HUD/MobileHUDButton1_on.uasset" 311
"../../../Engine/Content/MobileResources/HUD/MobileHUDButton2_off.uasset" 312
"../../../Engine/Content/MobileResources/HUD/MobileHUDButton2_on.uasset" 313
"../../../Engine/Content/MobileResources/HUD/MobileHUDButton3.uasset" 314
"../../../Engine/Content/MobileResources/HUD/MobileHUDButtonFire.uasset" 315
"../../../Engine/Content/MobileResources/HUD/MobileHUDDirectionPad.uasset" 316
"../../../Engine/Content/MobileResources/HUD/MobileHUDDirectionPad2.uasset" 317
"../../../Engine/Content/MobileResources/HUD/MobileHUDDirectionPad3.uasset" 318
"../../../Engine/Content/MobileResources/HUD/MobileHUDDirectionStick.uasset" 319
"../../../Engine/Content/MobileResources/HUD/T_Castle_ThumbstickInner.uasset" 320
"../../../Engine/Content/MobileResources/HUD/T_Castle_ThumbstickOutter.uasset" 321
"../../../Engine/Content/Tutorial/ContentIntroCurve.uasset" 322
"../../../Engine/Content/Tutorial/Basics/LevelEditorAttract.uasset" 323
"../../../Engine/Content/Tutorial/Basics/TutorialAssets/icon_tab_Levels_40x.uasset" 324
"../../../Engine/Content/Tutorial/Basics/LevelEditorOverview.uasset" 325
"../../../Engine/Content/VREditor/TransformGizmo/TranslucentTransformGizmoMaterial.uasset" 326
"../../../Engine/Content/VREditor/LaserPointer/VR_LaserPower_01.uasset" 327
"../../../Engine/Content/VREditor/TransformGizmo/TransformGizmoMaterial.uasset" 328
"../../../Engine/Content/VREditor/TransformGizmo/BoundingBoxCorner.uasset" 329
"../../../Engine/Content/VREditor/TransformGizmo/BoundingBoxEdge.uasset" 330
"../../../Engine/Content/VREditor/TransformGizmo/PlaneTranslationHandle.uasset" 331
"../../../Engine/Content/VREditor/TransformGizmo/Xray.uasset" 332
"../../../Engine/Content/VREditor/TransformGizmo/Main.uasset" 333
"../../../Engine/Content/VREditor/TransformGizmo/SM_Sequencer_Key.uasset" 334
"../../../Engine/Content/VREditor/TransformGizmo/SM_Sequencer_Node.uasset" 335
"../../Plugins/2D/Paper2D/Content/PlaceholderTextures/DummySpriteTexture.uasset" 336
"../../Plugins/2D/Paper2D/Content/DummySprite.uasset" 337
"../../Plugins/2D/Paper2D/Content/DefaultPaperTerrainMaterial.uasset" 338
"../../Plugins/2D/Paper2D/Content/DefaultSpriteMaterial.uasset" 339
"../../Plugins/2D/Paper2D/Content/MaskedUnlitSpriteMaterial.uasset" 340
"../../Plugins/2D/Paper2D/Content/OpaqueUnlitSpriteMaterial.uasset" 341
"../../../Engine/Content/Functions/Engine_MaterialFunctions02/ObjectLocalBounds.uasset" 342
"../../../Engine/Content/Functions/Engine_MaterialFunctions02/Utility/BreakOutFloat3Components.uasset" 343
"../../Plugins/Editor/SpeedTreeImporter/Content/SpeedTree9/UnpackInteger3.uasset" 344
"../../Plugins/Editor/SpeedTreeImporter/Content/SpeedTree9/UnpackDirection.uasset" 345
"../../Plugins/Editor/SpeedTreeImporter/Content/SpeedTree9/game_wind_noise.uasset" 346
"../../../Engine/Content/Functions/Engine_MaterialFunctions02/SafeNormalize.uasset" 347
"../../Plugins/Editor/SpeedTreeImporter/Content/SpeedTree9/SpeedTreeWindMotion.uasset" 348
"../../Plugins/Editor/SpeedTreeImporter/Content/SpeedTree9/SpeedTreeBranchMotion.uasset" 349
"../../../Engine/Content/Functions/Engine_MaterialFunctions02/UVs/BoundingBoxBased_0-1_UVW.uasset" 350
"../../Plugins/Editor/SpeedTreeImporter/Content/SpeedTree9/SpeedTreeWind.uasset" 351
"../../Plugins/Editor/SpeedTreeImporter/Content/SpeedTree9/SpeedTreeBillboard.uasset" 352
"../../Plugins/Editor/SpeedTreeImporter/Content/SpeedTree9/SpeedTreeBillboardMaster.uasset" 353
"../../Plugins/Editor/SpeedTreeImporter/Content/SpeedTree9/SpeedTreeCameraFacing.uasset" 354
"../../Plugins/Editor/SpeedTreeImporter/Content/SpeedTree9/SpeedTreeMaster.uasset" 355
"../../../Engine/Content/ArtTools/RenderToTexture/Materials/Debug/M_Emissive_Color.uasset" 356
"../../Plugins/Lumin/MagicLeapPassableWorld/Content/MagicLeapARPinInfoActor.uasset" 357
"../../../Engine/Content/Functions/Engine_MaterialFunctions02/Utility/MakeFloat3.uasset" 358
"../../../Engine/Content/Functions/Engine_MaterialFunctions02/Utility/BreakOutFloat4Components.uasset" 359
"../../Plugins/Runtime/Oculus/OculusVR/Content/Materials/OculusMR_ChromaKey.uasset" 360
"../../Plugins/Runtime/Oculus/OculusVR/Content/Materials/OculusMR_OpaqueColoredMaterial.uasset" 361
"../../Plugins/Runtime/Oculus/OculusVR/Content/Materials/PokeAHoleMaterial.uasset" 362
"../../Plugins/FX/Niagara/Content/Enums/ENiagaraVector3_Channels.uasset" 363
"../../Plugins/FX/Niagara/Content/Enums/ENiagaraSystemInactiveMode.uasset" 364
"../../Plugins/FX/Niagara/Content/Enums/ENiagaraOrientationAxis.uasset" 365
"../../Plugins/FX/Niagara/Content/Modules/Update/Material/DynamicMaterialParameters.uasset" 366
"../../Plugins/FX/Niagara/Content/Modules/Update/Forces/Drag.uasset" 367
"../../Plugins/FX/Niagara/Content/Enums/ENiagara_EmitterStateOptions.uasset" 368
"../../Plugins/FX/Niagara/Content/Functions/System/SystemChangeState.uasset" 369
"../../Plugins/FX/Niagara/Content/Modules/System/SystemState.uasset" 370
"../../Plugins/FX/Niagara/Content/Enums/ENiagaraRandomnessMode.uasset" 371
"../../Plugins/FX/Niagara/Content/Enums/ENiagaraCoordinateSpace.uasset" 372
"../../Plugins/FX/Niagara/Content/Functions/Math/RemapValueRange.uasset" 373
"../../Plugins/FX/Niagara/Content/Functions/PolarToCartesianCoordinates.uasset" 374
"../../Plugins/FX/Niagara/Content/Functions/GetRandomInfo.uasset" 375
"../../Plugins/FX/Niagara/Content/Functions/RandomRangeFloat.uasset" 376
"../../Plugins/FX/Niagara/Content/Functions/DirectionAndLengthSafe.uasset" 377
"../../Plugins/FX/Niagara/Content/Functions/RandomVectorInCone.uasset" 378
"../../Plugins/FX/Niagara/Content/Functions/Rotation/MultiplyVectorWithQuaternion.uasset" 379
"../../Plugins/FX/Niagara/Content/Functions/Rotation/FindQuatBetween.uasset" 380
"../../Plugins/FX/Niagara/Content/Functions/Localspace/TransformBase.uasset" 381
"../../Plugins/FX/Niagara/Content/Functions/Localspace/TransformVector.uasset" 382
"../../Plugins/FX/Niagara/Content/Modules/Spawn/Velocity/AddVelocityInCone.uasset" 383
"../../Plugins/FX/Niagara/Content/Functions/Localspace/SimulationPosition.uasset" 384
"../../Plugins/FX/Niagara/Content/Functions/RandomUnitVector.uasset" 385
"../../Plugins/FX/Niagara/Content/Functions/RandomVector.uasset" 386
"../../Plugins/FX/Niagara/Content/Modules/Spawn/Location/CylinderLocation.uasset" 387
"../../Plugins/FX/Niagara/Content/DynamicInputs/TypeConversions/MakeLinearColor.uasset" 388
"../../Plugins/FX/Niagara/Content/Functions/ChannelMasks/SelectV3Channel.uasset" 389
"../../Plugins/FX/Niagara/Content/DynamicInputs/TypeConversions/MakeFloatFromVector.uasset" 390
"../../Plugins/FX/Niagara/Content/DynamicInputs/ScaleByCurve/ScaleVectorByCurve.uasset" 391
"../../Plugins/FX/Niagara/Content/DynamicInputs/Multiply/Multiply_Float.uasset" 392
"../../Plugins/FX/Niagara/Content/Functions/Math/SmoothLerpOverTime.uasset" 393
"../../Plugins/FX/Niagara/Content/DynamicInputs/Lerp/SmoothLerpOverTime_Float.uasset" 394
"../../Plugins/FX/Niagara/Content/Modules/Ribbons/ScaleRibbonWidth.uasset" 395
"../../Plugins/FX/Niagara/Content/DefaultAssets/DefaultSpriteMaterial.uasset" 396
"../../Plugins/FX/Niagara/Content/Enums/ENiagaraRandomnessEvaluation.uasset" 397
"../../Plugins/FX/Niagara/Content/Functions/V2/CalculateRandomRangeFloat.uasset" 398
"../../Plugins/FX/Niagara/Content/Modules/Emitter/SpawnBurst_Instantaneous.uasset" 399
"../../Plugins/FX/Niagara/Content/Enums/ENiagaraInactiveMode.uasset" 400
"../../Plugins/FX/Niagara/Content/Enums/ENiagaraEmitterScalabilityMode_Limited.uasset" 401
"../../Plugins/FX/Niagara/Content/Enums/ENiagara_InfiniteLoopDuration.uasset" 402
"../../Plugins/FX/Niagara/Content/Modules/Update/Lifetime/ParticleState.uasset" 403
"../../Plugins/FX/Niagara/Content/Modules/Spawn/Initialization/InitializeParticle.uasset" 404
"../../Plugins/FX/Niagara/Content/Enums/ENiagaraEmitterLifeCycleMode.uasset" 405
"../../Plugins/FX/Niagara/Content/Functions/Emitter/EmitterChangeState.uasset" 406
"../../Plugins/FX/Niagara/Content/Enums/ENiagaraExecutionStateManagement.uasset" 407
"../../Plugins/FX/Niagara/Content/Modules/Emitter/EmitterState.uasset" 408
"../../Plugins/FX/Niagara/Content/DynamicInputs/UniformRange/UniformRangedFloat.uasset" 409
"C:/Users/Adrien/Documents/GitHub/JeanPaul/Content/TeachersMarketplace/Assets/VFX/Dependencies/Meshes/SM_WindTunnel.uasset" 410
"C:/Users/Adrien/Documents/GitHub/JeanPaul/Content/TeachersMarketplace/Assets/VFX/Dependencies/Textures/T_Noise.uasset" 411
"C:/Users/Adrien/Documents/GitHub/JeanPaul/Content/TeachersMarketplace/Assets/VFX/Dependencies/Materials/M_WindTunnel.uasset" 412
"C:/Users/Adrien/Documents/GitHub/JeanPaul/Content/TeachersMarketplace/Assets/VFX/Dependencies/Materials/MI_WindTunnel.uasset" 413
"C:/Users/Adrien/Documents/GitHub/JeanPaul/Content/TeachersMarketplace/Assets/VFX/Emitters/Enviroment/NE_WindTunnel.uasset" 414
"../../Plugins/FX/Niagara/Content/Modules/Spawn/Initialization/InitializeRibbon.uasset" 415
"../../Plugins/FX/Niagara/Content/DefaultAssets/Structs/LocationEvent.uasset" 416
"../../Plugins/FX/Niagara/Content/Modules/Events/ReceiveLocationEvent.uasset" 417
"../../Plugins/FX/Niagara/Content/Enums/ENiagaraScaleColorMode.uasset" 418
"../../Plugins/FX/Niagara/Content/Modules/Update/Color/ScaleColor.uasset" 419
"../../Plugins/FX/Niagara/Content/Modules/Solvers/SolveForcesAndVelocity.uasset" 420
"../../Plugins/FX/Niagara/Content/DynamicInputs/ValueFromCurve/FloatFromCurve.uasset" 421
"C:/Users/Adrien/Documents/GitHub/JeanPaul/Content/TeachersMarketplace/Assets/VFX/Dependencies/Textures/T_WindWisp.uasset" 422
"C:/Users/Adrien/Documents/GitHub/JeanPaul/Content/TeachersMarketplace/Assets/VFX/Dependencies/Materials/M_WindTunnelWisps.uasset" 423
"C:/Users/Adrien/Documents/GitHub/JeanPaul/Content/TeachersMarketplace/Assets/VFX/Dependencies/Materials/MI_WindTunnelWisps.uasset" 424
"C:/Users/Adrien/Documents/GitHub/JeanPaul/Content/TeachersMarketplace/Assets/VFX/Emitters/Enviroment/NE_WindStreams_Trails.uasset" 425
"../../Plugins/FX/Niagara/Content/VectorFields/Assets/TilingCurl32.uasset" 426
"../../Plugins/FX/Niagara/Content/Enums/ENiagaraTorusDistributionMode.uasset" 427
"../../Plugins/FX/Niagara/Content/Enums/ENiagaraExpansionMode.uasset" 428
"../../Plugins/FX/Niagara/Content/Enums/ENiagaraCurlNoiseQuality.uasset" 429
"../../Plugins/FX/Niagara/Content/Modules/Update/Size/ScaleSpriteSize.uasset" 430
"../../Plugins/FX/Niagara/Content/VectorFields/Assets/TilingCurl64.uasset" 431
"../../Plugins/FX/Niagara/Content/VectorFields/Assets/TilingCurl16.uasset" 432
"../../Plugins/FX/Niagara/Content/Functions/FindAngleBetweenVectors.uasset" 433
"../../Plugins/FX/Niagara/Content/Functions/V2/RemapRange.uasset" 434
"../../Plugins/FX/Niagara/Content/Functions/V2/ConeMask.uasset" 435
"../../Plugins/FX/Niagara/Content/Functions/Masks/ConeMask.uasset" 436
"../../Plugins/FX/Niagara/Content/Modules/Update/Forces/CurlNoiseForce.uasset" 437
"../../Plugins/FX/Niagara/Content/Modules/Spawn/Velocity/AddVelocity.uasset" 438
"../../Plugins/FX/Niagara/Content/Functions/RandomPointInSphere.uasset" 439
"../../Plugins/FX/Niagara/Content/Modules/Spawn/Location/SphereLocation.uasset" 440
"../../Plugins/FX/Niagara/Content/Functions/Helpers/AdvancePositionWithAcceleration.uasset" 441
"../../Plugins/FX/Niagara/Content/Modules/Events/GenerateLocationEvent.uasset" 442
"../../Plugins/FX/Niagara/Content/Modules/Emitter/SpawnRate.uasset" 443
"../../Plugins/FX/Niagara/Content/DynamicInputs/TypeConversions/Vector2DFromFloat.uasset" 444
"../../Plugins/FX/Niagara/Content/DynamicInputs/Angles/NormalizedAngleToDegrees.uasset" 445
"C:/Users/Adrien/Documents/GitHub/JeanPaul/Content/TeachersMarketplace/Assets/VFX/Dependencies/Textures/T_WindLeadSide.uasset" 446
"C:/Users/Adrien/Documents/GitHub/JeanPaul/Content/TeachersMarketplace/Assets/VFX/Dependencies/Textures/T_Celebrate.uasset" 447
"C:/Users/Adrien/Documents/GitHub/JeanPaul/Content/TeachersMarketplace/Assets/VFX/Dependencies/Materials/M_ParticleMaskedFade.uasset" 448
"C:/Users/Adrien/Documents/GitHub/JeanPaul/Content/TeachersMarketplace/Assets/VFX/Dependencies/Materials/MI_WindLead.uasset" 449
"C:/Users/Adrien/Documents/GitHub/JeanPaul/Content/TeachersMarketplace/Assets/VFX/Emitters/Enviroment/NE_WindStreams_Lead.uasset" 450
"C:/Users/Adrien/Documents/GitHub/JeanPaul/Content/TeachersMarketplace/Assets/VFX/Dependencies/Textures/T_WindTunnelRibbon.uasset" 451
"C:/Users/Adrien/Documents/GitHub/JeanPaul/Content/TeachersMarketplace/Assets/VFX/Dependencies/Materials/M_WindTunnelRibbons.uasset" 452
"C:/Users/Adrien/Documents/GitHub/JeanPaul/Content/TeachersMarketplace/Assets/VFX/Dependencies/Materials/MI_WindTunnelRibbons.uasset" 453
"C:/Users/Adrien/Documents/GitHub/JeanPaul/Content/TeachersMarketplace/Assets/VFX/Emitters/Enviroment/NS_WindTunnel_Lvl2.uasset" 454
"C:/Users/Adrien/Documents/GitHub/JeanPaul/Content/Materials/Walls/Level2/Walls_Inst2_Lvl2.uasset" 455
"C:/Users/Adrien/Documents/GitHub/JeanPaul/Content/Materials/Walls/Level2/Walls_Inst1_Lvl2.uasset" 456
"C:/Users/Adrien/Documents/GitHub/JeanPaul/Content/Materials/PostProcessMaterials/M_Outline_Inst.uasset" 457
"C:/Users/Adrien/Documents/GitHub/JeanPaul/Content/Materials/PostProcessMaterials/CelShading_Inst.uasset" 458
"C:/Users/Adrien/Documents/GitHub/JeanPaul/Content/Materials/ActivationMaterial.uasset" 459
"C:/Users/Adrien/Documents/GitHub/JeanPaul/Content/Materials/ActivationMaterial_Inst.uasset" 460
"C:/Users/Adrien/Documents/GitHub/JeanPaul/Content/GoodSky/Source/Materials/Material_Function/MF_GoodSky_Top_part_alpha.uasset" 461
"C:/Users/Adrien/Documents/GitHub/JeanPaul/Content/GoodSky/Source/Materials/Material_Function/MF_GoodSky_Time.uasset" 462
"C:/Users/Adrien/Documents/GitHub/JeanPaul/Content/GoodSky/Source/Materials/Material_Function/MF_GoodSky_SkyDomeAlpha.uasset" 463
"C:/Users/Adrien/Documents/GitHub/JeanPaul/Content/GoodSky/Source/Materials/Material_Function/MF_GoodSky_Global_Setting.uasset" 464
"C:/Users/Adrien/Documents/GitHub/JeanPaul/Content/GoodSky/Source/Textures/T_GoodSky_clouds_B.uasset" 465
"C:/Users/Adrien/Documents/GitHub/JeanPaul/Content/GoodSky/Source/Textures/T_GoodSky_clouds_sphere.uasset" 466
"C:/Users/Adrien/Documents/GitHub/JeanPaul/Content/GoodSky/Source/Textures/T_GoodSky_clouds_A.uasset" 467
"C:/Users/Adrien/Documents/GitHub/JeanPaul/Content/GoodSky/Source/Materials/Material_Function/MF_GoodSky_Clouds_Setting.uasset" 468
"C:/Users/Adrien/Documents/GitHub/JeanPaul/Content/GoodSky/Source/Textures/T_GoodSky_clouds_F.uasset" 469
"C:/Users/Adrien/Documents/GitHub/JeanPaul/Content/GoodSky/Source/Textures/T_GoodSky_noise_smooth.uasset" 470
"C:/Users/Adrien/Documents/GitHub/JeanPaul/Content/GoodSky/Source/Textures/T_GoodSky_Stars.uasset" 471
"C:/Users/Adrien/Documents/GitHub/JeanPaul/Content/GoodSky/Source/Materials/M_GoodSky_Sun_Stars.uasset" 472
"C:/Users/Adrien/Documents/GitHub/JeanPaul/Content/General_BP/Gate_TwoButton.uasset" 473
"C:/Users/Adrien/Documents/GitHub/JeanPaul/Content/General_BP/InvertedGate_OneButton.uasset" 474
"C:/Users/Adrien/Documents/GitHub/JeanPaul/Content/GoodSky/Source/Textures/T_GoodSky_clouds_D.uasset" 475
"C:/Users/Adrien/Documents/GitHub/JeanPaul/Content/GoodSky/Source/Textures/T_GoodSky_clouds_C.uasset" 476
"C:/Users/Adrien/Documents/GitHub/JeanPaul/Content/GoodSky/Source/Materials/M_GoodSky_Base.uasset" 477
"C:/Users/Adrien/Documents/GitHub/JeanPaul/Content/GoodSky/Source/Mesh/SM_GoodSky_Sphere.uasset" 478
"C:/Users/Adrien/Documents/GitHub/JeanPaul/Content/GoodSky/Source/Mesh/SM_GoodSky_Hemisphere.uasset" 479
"C:/Users/Adrien/Documents/GitHub/JeanPaul/Content/GoodSky/Source/Data/Structure/Structure_GoodSky.uasset" 480
"C:/Users/Adrien/Documents/GitHub/JeanPaul/Content/GoodSky/Source/Data/Enum/Enum_GoodSky_Style_Clouds.uasset" 481
"C:/Users/Adrien/Documents/GitHub/JeanPaul/Content/GoodSky/Source/Data/Enum/Enum_GoodSky_Preset.uasset" 482
"C:/Users/Adrien/Documents/GitHub/JeanPaul/Content/GoodSky/Source/Data/Enum/Enum_GoodSky_MeshType.uasset" 483
"C:/Users/Adrien/Documents/GitHub/JeanPaul/Content/GoodSky/Source/Data/Enum/Enum_GoodSky_Effects.uasset" 484
"C:/Users/Adrien/Documents/GitHub/JeanPaul/Content/GoodSky/Source/Data/Enum/Enum_GoodSky_Clouds_Coverage.uasset" 485
"C:/Users/Adrien/Documents/GitHub/JeanPaul/Content/GoodSky/Source/ArrowTool/M_GoodSky_Sun_Emissive.uasset" 486
"C:/Users/Adrien/Documents/GitHub/JeanPaul/Content/GoodSky/Source/ArrowTool/SM_GoodSky_StarMesh.uasset" 487
"../../../Engine/Content/BasicShapes/Plane.uasset" 488
"C:/Users/Adrien/Documents/GitHub/JeanPaul/Content/GoodSky/Source/Textures/T_GoodSky_Moon.uasset" 489
"../../../Engine/Content/Functions/Engine_MaterialFunctions01/Texturing/ScaleUVsAroundPoint.uasset" 490
"../../../Engine/Content/Functions/Engine_MaterialFunctions01/Density/ExponentialDensity.uasset" 491
"../../../Engine/Content/Functions/Engine_MaterialFunctions01/Gradient/RadialGradientExponential.uasset" 492
"C:/Users/Adrien/Documents/GitHub/JeanPaul/Content/GoodSky/Source/Materials/Material_Function/MF_GoodSky_Moon_Setting.uasset" 493
"C:/Users/Adrien/Documents/GitHub/JeanPaul/Content/GoodSky/Source/Materials/M_GoodSky_Sun_Stars_Moon.uasset" 494
"C:/Users/Adrien/Documents/GitHub/JeanPaul/Content/GoodSky/Source/Textures/T_GoodSky_Lightning.uasset" 495
"C:/Users/Adrien/Documents/GitHub/JeanPaul/Content/GoodSky/Source/Materials/Material_Function/MF_GoodSky_LightningFlick.uasset" 496
"../../../Engine/Content/Functions/Engine_MaterialFunctions01/Texturing/TextureCropping.uasset" 497
"../../../Engine/Content/Functions/Engine_MaterialFunctions01/Texturing/ComputeMipLevel.uasset" 498
"../../../Engine/Content/Functions/Engine_MaterialFunctions02/ExampleContent/Textures/DebugNumberPeriod.uasset" 499
"../../../Engine/Content/Functions/Engine_MaterialFunctions02/ExampleContent/DebugNumberStrip.uasset" 500
"../../../Engine/Content/Functions/Engine_MaterialFunctions02/Utility/DebugScalarValues.uasset" 501
"../../../Engine/Content/Functions/Engine_MaterialFunctions02/Utility/DebugFloat3Values.uasset" 502
"../../../Engine/Content/Functions/Engine_MaterialFunctions02/Math/RGBtoHSV.uasset" 503
"../../../Engine/Content/Functions/Engine_MaterialFunctions01/ImageAdjustment/DeriveHDRfromLDR.uasset" 504
"C:/Users/Adrien/Documents/GitHub/JeanPaul/Content/GoodSky/Source/Materials/M_GoodSky_Storm.uasset" 505
"C:/Users/Adrien/Documents/GitHub/JeanPaul/Content/GoodSky/Source/Materials/M_GoodSky_Moon.uasset" 506
"C:/Users/Adrien/Documents/GitHub/JeanPaul/Content/GoodSky/Source/ArrowTool/T_GoodSky_SkyRing.uasset" 507
"C:/Users/Adrien/Documents/GitHub/JeanPaul/Content/GoodSky/Source/ArrowTool/M_GoodSky_SkyRing_.uasset" 508
"C:/Users/Adrien/Documents/GitHub/JeanPaul/Content/GoodSky/Source/Data/DataTable/DataTable_GoodSky.uasset" 509
"C:/Users/Adrien/Documents/GitHub/JeanPaul/Content/GoodSky/Source/Data/Curve/Curve_GoodSky_SunDirection_Vector1.uasset" 510
"C:/Users/Adrien/Documents/GitHub/JeanPaul/Content/GoodSky/Source/Textures/T_GoodSky_clouds_E.uasset" 511
"C:/Users/Adrien/Documents/GitHub/JeanPaul/Content/GoodSky/Source/Data/Curve/Curve_GoodSky_SunDirection_Vector.uasset" 512
"C:/Users/Adrien/Documents/GitHub/JeanPaul/Content/GoodSky/Source/Data/Curve/Curve_GoodSky_horizon_Color.uasset" 513
"C:/Users/Adrien/Documents/GitHub/JeanPaul/Content/GoodSky/Source/Data/Curve/Curve_GoodSky_DomeColor.uasset" 514
"C:/Users/Adrien/Documents/GitHub/JeanPaul/Content/GoodSky/Source/Data/Curve/Curve_GoodSky_SunLight.uasset" 515
"C:/Users/Adrien/Documents/GitHub/JeanPaul/Content/GoodSky/Source/Data/Curve/Curve_GoodSky_AllOverlayColor.uasset" 516
"C:/Users/Adrien/Documents/GitHub/JeanPaul/Content/GoodSky/Source/Data/Curve/Curve_GoodSky_BaseCloudColor.uasset" 517
"C:/Users/Adrien/Documents/GitHub/JeanPaul/Content/GoodSky/Source/Data/Curve/Curve_GoodSky_Stars.uasset" 518
"C:/Users/Adrien/Documents/GitHub/JeanPaul/Content/GoodSky/Blueprint/BP_GoodSky.uasset" 519
"C:/Users/Adrien/Documents/GitHub/JeanPaul/Content/EndBP/EndWidget.uasset" 520
"C:/Users/Adrien/Documents/GitHub/JeanPaul/Content/EndBP/EndTransition.uasset" 521
"../../../Engine/Content/Tutorial/SubEditors/TutorialAssets/T_soft_smoke.uasset" 522
"C:/Users/Adrien/Documents/GitHub/JeanPaul/Content/Materials/FakeGate.uasset" 523
"C:/Users/Adrien/Documents/GitHub/JeanPaul/Content/Materials/FakeGate_Inst.uasset" 524
"C:/Users/Adrien/Documents/GitHub/JeanPaul/Content/General_BP/DestroyObjectGate.uasset" 525
"C:/Users/Adrien/Documents/GitHub/JeanPaul/Content/Materials/Walls/Level2/Walls_Inst4_Lvl2.uasset" 526
"C:/Users/Adrien/Documents/GitHub/JeanPaul/Content/General_BP/RandomOscillator.uasset" 527
"C:/Users/Adrien/Documents/GitHub/JeanPaul/Content/General_BP/WirePlate.uasset" 528
"C:/Users/Adrien/Documents/GitHub/JeanPaul/Content/LevelDoors_BuiltData.uasset" 529
"C:/Users/Adrien/Documents/GitHub/JeanPaul/Content/TK/NormalCube.uasset" 530
"C:/Users/Adrien/Documents/GitHub/JeanPaul/Content/General_BP/WireTwoPlate.uasset" 531
"C:/Users/Adrien/Documents/GitHub/JeanPaul/Content/MaterialsCustom/Particule/M_Particule.uasset" 532
"C:/Users/Adrien/Documents/GitHub/JeanPaul/Content/MaterialsCustom/Particule/M_Particule_Inst2.uasset" 533
"C:/Users/Adrien/Documents/GitHub/JeanPaul/Content/MaterialsCustom/Particule/P_Particules2.uasset" 534
"C:/Users/Adrien/Documents/GitHub/JeanPaul/Content/Materials/Walls/Level2/Walls_Inst_Lvl2.uasset" 535
"C:/Users/Adrien/Documents/GitHub/JeanPaul/Content/Materials/Walls/Level2/Walls_Inst5_Lvl2.uasset" 536
"C:/Users/Adrien/Documents/GitHub/JeanPaul/Content/Materials/Walls/Level2/Walls_Inst3_Lvl2.uasset" 537
"C:/Users/Adrien/Documents/GitHub/JeanPaul/Content/Meshes/Level2/Wall1_2.uasset" 538
"C:/Users/Adrien/Documents/GitHub/JeanPaul/Content/Meshes/Level2/Wall2_2.uasset" 539
"C:/Users/Adrien/Documents/GitHub/JeanPaul/Content/Meshes/Level2/Wall3_2.uasset" 540
"C:/Users/Adrien/Documents/GitHub/JeanPaul/Content/Meshes/Level2/Wall4_2.uasset" 541
"C:/Users/Adrien/Documents/GitHub/JeanPaul/Content/SFXs/Chimes_SFX.uasset" 542
"C:/Users/Adrien/Documents/GitHub/JeanPaul/Content/SFXs/AmbientWind.uasset" 543
"C:/Users/Adrien/Documents/GitHub/JeanPaul/Content/SFXs/Chimes_SFX_Cue.uasset" 544
"C:/Users/Adrien/Documents/GitHub/JeanPaul/Content/SFXs/JeanPaulMusic.uasset" 545
"C:/Users/Adrien/Documents/GitHub/JeanPaul/Content/SFXs/Track_57.uasset" 546
"C:/Users/Adrien/Documents/GitHub/JeanPaul/Content/SFXs/Track_57_Cue.uasset" 547
"C:/Users/Adrien/Documents/GitHub/JeanPaul/Content/TeachersMarketplace/Assets/VFX/LightRay/vfx_lightray_card_01_O.uasset" 548
"C:/Users/Adrien/Documents/GitHub/JeanPaul/Content/TeachersMarketplace/Assets/VFX/LightRay/vfx_Light_Ray_01_M.uasset" 549
"C:/Users/Adrien/Documents/GitHub/JeanPaul/Content/TeachersMarketplace/Assets/VFX/LightRay/vfx_Fog_01_M.uasset" 550
"C:/Users/Adrien/Documents/GitHub/JeanPaul/Content/TeachersMarketplace/Assets/VFX/LightRay/vfx_lightray_01_bright_MAT.uasset" 551
"C:/Users/Adrien/Documents/GitHub/JeanPaul/Content/TeachersMarketplace/Assets/VFX/LightRay/vfx_lightray_01_bright_MI1_Lvl2.uasset" 552
"C:/Users/Adrien/Documents/GitHub/JeanPaul/Content/TeachersMarketplace/Assets/VFX/LightRay/vfx_lightray_card_01_P1_soft1_sea1_Lvl2.uasset" 553
"C:/Users/Adrien/Documents/GitHub/JeanPaul/Content/LevelDoors.umap" 554
"C:/Users/Adrien/Documents/GitHub/JeanPaul/Content/EndBP/LVL1.uasset" 555
"C:/Users/Adrien/Documents/GitHub/JeanPaul/Content/MaterialsCustom/Particule/M_Particule_Inst.uasset" 556
"C:/Users/Adrien/Documents/GitHub/JeanPaul/Content/MaterialsCustom/Particule/P_Particules.uasset" 557
"C:/Users/Adrien/Documents/GitHub/JeanPaul/Content/MattisLvl_BuiltData.uasset" 558
"C:/Users/Adrien/Documents/GitHub/JeanPaul/Content/Materials/DefaultTextMaterialOpaque_2.uasset" 559
"C:/Users/Adrien/Documents/GitHub/JeanPaul/Content/TeachersMarketplace/Assets/VFX/Emitters/Enviroment/NS_WindTunnel.uasset" 560
"C:/Users/Adrien/Documents/GitHub/JeanPaul/Content/TeachersMarketplace/Assets/VFX/LightRay/vfx_lightray_01_bright_MI.uasset" 561
"C:/Users/Adrien/Documents/GitHub/JeanPaul/Content/TeachersMarketplace/Assets/VFX/LightRay/vfx_lightray_card_01_P1_soft1_sea.uasset" 562
"C:/Users/Adrien/Documents/GitHub/JeanPaul/Content/MattisLvl.umap" 563
"C:/Users/Adrien/Documents/GitHub/JeanPaul/Content/UI/NinabellDemo-DOdA9.uasset" 564
"C:/Users/Adrien/Documents/GitHub/JeanPaul/Content/UI/GameFont.uasset" 565
"C:/Users/Adrien/Documents/GitHub/JeanPaul/Content/UI/MainMenu.uasset" 566
"C:/Users/Adrien/Documents/GitHub/JeanPaul/Content/MainMenu_BuiltData.uasset" 567
"C:/Users/Adrien/Documents/GitHub/JeanPaul/Content/MainMenu.umap" 568
"../../../Engine/Content/Maps/Entry_BuiltData.uasset" 569
"../../../Engine/Content/Maps/Entry.umap" 570
